빌드 시작: 2014-08-31 오후 11:29:26
     1>2 노드의 "C:\Users\GOOD1\Desktop\몽실몽실\몽실몽실\몽실몽실.vcxproj" 프로젝트(Build 대상)입니다.
     1>ClCompile:
         C:\Program Files (x86)\Microsoft Visual Studio 11.0\VC\bin\CL.exe /c /Zi /nologo /W3 /WX- /O2 /Oi /Oy- /GL /D WIN32 /D NDEBUG /D _CONSOLE /D _UNICODE /D UNICODE /Gm- /EHsc /MD /GS /Gy /fp:precise /Zc:wchar_t /Zc:forScope /Fo"Release\\" /Fd"Release\vc110.pdb" /Gd /TP /analyze- /errorReport:prompt Main.cpp sPlayer.cpp
         Main.cpp
         sPlayer.cpp
       Link:
         C:\Program Files (x86)\Microsoft Visual Studio 11.0\VC\bin\link.exe /ERRORREPORT:PROMPT /OUT:"C:\Users\GOOD1\Desktop\몽실몽실\Release\몽실몽실.exe" /INCREMENTAL:NO /NOLOGO kernel32.lib user32.lib gdi32.lib winspool.lib comdlg32.lib advapi32.lib shell32.lib ole32.lib oleaut32.lib uuid.lib odbc32.lib odbccp32.lib /MANIFEST /MANIFESTUAC:"level='asInvoker' uiAccess='false'" /manifest:embed /DEBUG /PDB:"C:\Users\GOOD1\Desktop\몽실몽실\Release\몽실몽실.pdb" /SUBSYSTEM:CONSOLE /OPT:REF /OPT:ICF /LTCG /TLBID:1 /DYNAMICBASE /NXCOMPAT /IMPLIB:"C:\Users\GOOD1\Desktop\몽실몽실\Release\몽실몽실.lib" /MACHINE:X86 /SAFESEH Release\Interact.obj
         Release\Main.obj
         Release\sBackground.obj
         Release\Collision.obj
         Release\sCloud.obj
         Release\sClouds.obj
         Release\SDL_Setting.obj
         Release\sFever.obj
         Release\sFont.obj
         Release\sGage.obj
         Release\sMountain.obj
         Release\sObject.obj
         Release\sObjects.obj
         Release\sOpening.obj
         Release\sPlayer.obj
         코드를 생성하고 있습니다.
         코드를 생성했습니다.
         몽실몽실.vcxproj -> C:\Users\GOOD1\Desktop\몽실몽실\Release\몽실몽실.exe
     1>"C:\Users\GOOD1\Desktop\몽실몽실\몽실몽실\몽실몽실.vcxproj" 프로젝트를 빌드했습니다(Build 대상).

빌드했습니다.

경과 시간: 00:00:01.46
